<?xml version="1.0" encoding="UTF-8"?>
<TestRun id="21b6a884-14a0-4b1d-b427-fe86e2dd8ebc" name="Administrator@PILOTOPC 2012-04-25 08:33:32" runUser="PILOTO\Administrator" xmlns="http://microsoft.com/schemas/VisualStudio/TeamTest/2010">
  <TestSettings name="Local" id="95c13cd8-e4ab-4186-869c-a68da72b0b86">
    <Description>These are default test settings for a local test run.</Description>
    <Deployment enabled="false" runDeploymentRoot="Administrator_PILOTOPC 2012-04-25 08_33_32">
      <DeploymentItem filename="C:\DEV\Trivia\Moq.4.0.10827\NET40\Moq.dll" />
      <DeploymentItem filename="C:\DEV\Trivia\1.0\C#\Trivia\Trivia\bin\Debug\Trivia.exe" />
    </Deployment>
    <Execution>
      <TestTypeSpecific />
      <AgentRule name="Execution Agents">
      </AgentRule>
    </Execution>
  </TestSettings>
  <Times creation="2012-04-25T08:33:32.1077725+02:00" queuing="2012-04-25T08:33:40.2015225+02:00" start="2012-04-25T08:33:40.5140225+02:00" finish="2012-04-25T08:34:09.2640225+02:00" />
  <ResultSummary outcome="Error">
    <Counters total="9" executed="4" passed="3" error="0" failed="0" timeout="0" aborted="1" inconclusive="0" passedButRunAborted="0" notRunnable="0" notExecuted="5" disconnected="0" warning="0" completed="0" inProgress="0" pending="0" />
    <RunInfos>
      <RunInfo computerName="PILOTOPC" outcome="Error" timestamp="2012-04-25T08:34:09.2640225+02:00">
        <Text>Test host process exited unexpectedly.</Text>
      </RunInfo>
    </RunInfos>
  </ResultSummary>
  <TestDefinitions>
    <UnitTest name="AddNewPlayerTest" storage="c:\dev\trivia\1.0\c#\trivia\triviatest\bin\debug\triviatest.dll" id="5b44dfd8-bf28-2baa-e0bb-e20f65070c98">
      <Execution id="7961f376-689d-4217-9644-1984521f2841" />
      <TestMethod codeBase="C:/DEV/Trivia/1.0/C#/Trivia/TriviaTest/bin/Debug/TriviaTest.DLL" adapterTypeName="Microsoft.VisualStudio.TestTools.TestTypes.Unit.UnitTestAdapter, Microsoft.VisualStudio.QualityTools.Tips.UnitTest.Adapter, Version=10.0.0.0, Culture=neutral, PublicKeyToken=b03f5f7f11d50a3a" className="TriviaTest.TriviaTest, TriviaTest, Version=1.0.0.0, Culture=neutral, PublicKeyToken=null" name="AddNewPlayerTest" />
    </UnitTest>
    <UnitTest name="GetCurrentCategoriConDatosCorrectos" storage="c:\dev\trivia\1.0\c#\trivia\triviatest\bin\debug\triviatest.dll" id="4ed9acd2-84cf-12e4-2383-dcdff71ea3fb">
      <Execution id="dd5e6828-00b1-47f7-8d7f-825b695fa3d7" />
      <TestMethod codeBase="C:/DEV/Trivia/1.0/C#/Trivia/TriviaTest/bin/Debug/TriviaTest.DLL" adapterTypeName="Microsoft.VisualStudio.TestTools.TestTypes.Unit.UnitTestAdapter, Microsoft.VisualStudio.QualityTools.Tips.UnitTest.Adapter, Version=10.0.0.0, Culture=neutral, PublicKeyToken=b03f5f7f11d50a3a" className="TriviaTest.TriviaTest, TriviaTest, Version=1.0.0.0, Culture=neutral, PublicKeyToken=null" name="GetCurrentCategoriConDatosCorrectos" />
    </UnitTest>
    <UnitTest name="RandomTest" storage="c:\dev\trivia\1.0\c#\trivia\triviatest\bin\debug\triviatest.dll" id="0a7da336-2f01-076a-c365-c01c924cb829">
      <Execution id="ab13f1cb-14ce-4c91-9570-61634dd5450f" />
      <TestMethod codeBase="C:/DEV/Trivia/1.0/C#/Trivia/TriviaTest/bin/Debug/TriviaTest.DLL" adapterTypeName="Microsoft.VisualStudio.TestTools.TestTypes.Unit.UnitTestAdapter, Microsoft.VisualStudio.QualityTools.Tips.UnitTest.Adapter, Version=10.0.0.0, Culture=neutral, PublicKeyToken=b03f5f7f11d50a3a" className="TriviaTest.TriviaTest, TriviaTest, Version=1.0.0.0, Culture=neutral, PublicKeyToken=null" name="RandomTest" />
    </UnitTest>
    <UnitTest name="ObtenerCategoriasById" storage="c:\dev\trivia\1.0\c#\trivia\triviatest\bin\debug\triviatest.dll" id="a2c6dcd6-2d94-5b5c-b32d-f8bed4c25af3">
      <Execution id="abb1ca55-b6f2-409f-8d4f-ff3692f03ecb" />
      <TestMethod codeBase="C:/DEV/Trivia/1.0/C#/Trivia/TriviaTest/bin/Debug/TriviaTest.DLL" adapterTypeName="Microsoft.VisualStudio.TestTools.TestTypes.Unit.UnitTestAdapter, Microsoft.VisualStudio.QualityTools.Tips.UnitTest.Adapter, Version=10.0.0.0, Culture=neutral, PublicKeyToken=b03f5f7f11d50a3a" className="TriviaTest.TriviaTest, TriviaTest, Version=1.0.0.0, Culture=neutral, PublicKeyToken=null" name="ObtenerCategoriasById" />
    </UnitTest>
    <UnitTest name="MessagesTest" storage="c:\dev\trivia\1.0\c#\trivia\triviatest\bin\debug\triviatest.dll" id="808b568e-f6d5-f2c0-ce4d-f681edfa13ad">
      <Execution id="0e1ba466-3d54-48bc-a301-06095c07f33d" />
      <TestMethod codeBase="C:/DEV/Trivia/1.0/C#/Trivia/TriviaTest/bin/Debug/TriviaTest.DLL" adapterTypeName="Microsoft.VisualStudio.TestTools.TestTypes.Unit.UnitTestAdapter, Microsoft.VisualStudio.QualityTools.Tips.UnitTest.Adapter, Version=10.0.0.0, Culture=neutral, PublicKeyToken=b03f5f7f11d50a3a" className="TriviaTest.TriviaTest, TriviaTest, Version=1.0.0.0, Culture=neutral, PublicKeyToken=null" name="MessagesTest" />
    </UnitTest>
    <UnitTest name="InsertarPreguntas" storage="c:\dev\trivia\1.0\c#\trivia\triviatest\bin\debug\triviatest.dll" id="465dfa2c-29f8-b83b-000c-6c89ed7aa4d2">
      <Execution id="18b09c73-777c-4ab3-b867-2a15f7a5f1df" />
      <TestMethod codeBase="C:/DEV/Trivia/1.0/C#/Trivia/TriviaTest/bin/Debug/TriviaTest.DLL" adapterTypeName="Microsoft.VisualStudio.TestTools.TestTypes.Unit.UnitTestAdapter, Microsoft.VisualStudio.QualityTools.Tips.UnitTest.Adapter, Version=10.0.0.0, Culture=neutral, PublicKeyToken=b03f5f7f11d50a3a" className="TriviaTest.TriviaTest, TriviaTest, Version=1.0.0.0, Culture=neutral, PublicKeyToken=null" name="InsertarPreguntas" />
    </UnitTest>
    <UnitTest name="GetCurrentCategoriConDatosInCorrectos" storage="c:\dev\trivia\1.0\c#\trivia\triviatest\bin\debug\triviatest.dll" id="b27817ac-06aa-fce7-f294-714971e19e0e">
      <Execution id="1ad48ba1-fef7-40db-9a98-3e57bb96565c" />
      <TestMethod codeBase="C:/DEV/Trivia/1.0/C#/Trivia/TriviaTest/bin/Debug/TriviaTest.DLL" adapterTypeName="Microsoft.VisualStudio.TestTools.TestTypes.Unit.UnitTestAdapter, Microsoft.VisualStudio.QualityTools.Tips.UnitTest.Adapter, Version=10.0.0.0, Culture=neutral, PublicKeyToken=b03f5f7f11d50a3a" className="TriviaTest.TriviaTest, TriviaTest, Version=1.0.0.0, Culture=neutral, PublicKeyToken=null" name="GetCurrentCategoriConDatosInCorrectos" />
    </UnitTest>
    <UnitTest name="CorrectTestWinTest" storage="c:\dev\trivia\1.0\c#\trivia\triviatest\bin\debug\triviatest.dll" id="543409ab-6127-a6b2-59e4-44ef80a01fd6">
      <Execution id="ce7d067d-a544-451f-bebd-6434be53857e" />
      <TestMethod codeBase="C:/DEV/Trivia/1.0/C#/Trivia/TriviaTest/bin/Debug/TriviaTest.DLL" adapterTypeName="Microsoft.VisualStudio.TestTools.TestTypes.Unit.UnitTestAdapter, Microsoft.VisualStudio.QualityTools.Tips.UnitTest.Adapter, Version=10.0.0.0, Culture=neutral, PublicKeyToken=b03f5f7f11d50a3a" className="TriviaTest.TriviaTest, TriviaTest, Version=1.0.0.0, Culture=neutral, PublicKeyToken=null" name="CorrectTestWinTest" />
    </UnitTest>
    <UnitTest name="ObtenerTodasLasCategorias" storage="c:\dev\trivia\1.0\c#\trivia\triviatest\bin\debug\triviatest.dll" id="22a0c970-5e9b-5347-7e11-139dcb81d124">
      <Execution id="fee51e48-c8cc-4612-ba13-33df017ea637" />
      <TestMethod codeBase="C:/DEV/Trivia/1.0/C#/Trivia/TriviaTest/bin/Debug/TriviaTest.DLL" adapterTypeName="Microsoft.VisualStudio.TestTools.TestTypes.Unit.UnitTestAdapter, Microsoft.VisualStudio.QualityTools.Tips.UnitTest.Adapter, Version=10.0.0.0, Culture=neutral, PublicKeyToken=b03f5f7f11d50a3a" className="TriviaTest.TriviaTest, TriviaTest, Version=1.0.0.0, Culture=neutral, PublicKeyToken=null" name="ObtenerTodasLasCategorias" />
    </UnitTest>
  </TestDefinitions>
  <TestLists>
    <TestList name="Results Not in a List" id="8c84fa94-04c1-424b-9868-57a2d4851a1d" />
    <TestList name="All Loaded Results" id="19431567-8539-422a-85d7-44ee4e166bda" />
  </TestLists>
  <TestEntries>
    <TestEntry testId="0a7da336-2f01-076a-c365-c01c924cb829" executionId="ab13f1cb-14ce-4c91-9570-61634dd5450f" testListId="8c84fa94-04c1-424b-9868-57a2d4851a1d" />
    <TestEntry testId="22a0c970-5e9b-5347-7e11-139dcb81d124" executionId="fee51e48-c8cc-4612-ba13-33df017ea637" testListId="8c84fa94-04c1-424b-9868-57a2d4851a1d" />
    <TestEntry testId="465dfa2c-29f8-b83b-000c-6c89ed7aa4d2" executionId="18b09c73-777c-4ab3-b867-2a15f7a5f1df" testListId="8c84fa94-04c1-424b-9868-57a2d4851a1d" />
    <TestEntry testId="4ed9acd2-84cf-12e4-2383-dcdff71ea3fb" executionId="dd5e6828-00b1-47f7-8d7f-825b695fa3d7" testListId="8c84fa94-04c1-424b-9868-57a2d4851a1d" />
    <TestEntry testId="543409ab-6127-a6b2-59e4-44ef80a01fd6" executionId="ce7d067d-a544-451f-bebd-6434be53857e" testListId="8c84fa94-04c1-424b-9868-57a2d4851a1d" />
    <TestEntry testId="5b44dfd8-bf28-2baa-e0bb-e20f65070c98" executionId="7961f376-689d-4217-9644-1984521f2841" testListId="8c84fa94-04c1-424b-9868-57a2d4851a1d" />
    <TestEntry testId="808b568e-f6d5-f2c0-ce4d-f681edfa13ad" executionId="0e1ba466-3d54-48bc-a301-06095c07f33d" testListId="8c84fa94-04c1-424b-9868-57a2d4851a1d" />
    <TestEntry testId="a2c6dcd6-2d94-5b5c-b32d-f8bed4c25af3" executionId="abb1ca55-b6f2-409f-8d4f-ff3692f03ecb" testListId="8c84fa94-04c1-424b-9868-57a2d4851a1d" />
    <TestEntry testId="b27817ac-06aa-fce7-f294-714971e19e0e" executionId="1ad48ba1-fef7-40db-9a98-3e57bb96565c" testListId="8c84fa94-04c1-424b-9868-57a2d4851a1d" />
  </TestEntries>
  <Results>
    <UnitTestResult executionId="ab13f1cb-14ce-4c91-9570-61634dd5450f" testId="0a7da336-2f01-076a-c365-c01c924cb829" testName="RandomTest" computerName="PILOTOPC" duration="00:00:00.0403005" startTime="2012-04-25T08:33:40.7327725+02:00" endTime="2012-04-25T08:33:42.3108975+02:00" testType="13cdc9d9-ddb5-4fa4-a97d-d965ccfc6d4b" outcome="Passed" testListId="8c84fa94-04c1-424b-9868-57a2d4851a1d" relativeResultsDirectory="ab13f1cb-14ce-4c91-9570-61634dd5450f">
    </UnitTestResult>
    <UnitTestResult executionId="fee51e48-c8cc-4612-ba13-33df017ea637" testId="22a0c970-5e9b-5347-7e11-139dcb81d124" testName="ObtenerTodasLasCategorias" computerName="PILOTOPC" duration="00:00:02.2622608" startTime="2012-04-25T08:33:42.4046475+02:00" endTime="2012-04-25T08:33:44.6702725+02:00" testType="13cdc9d9-ddb5-4fa4-a97d-d965ccfc6d4b" outcome="Passed" testListId="8c84fa94-04c1-424b-9868-57a2d4851a1d" relativeResultsDirectory="fee51e48-c8cc-4612-ba13-33df017ea637">
    </UnitTestResult>
    <UnitTestResult executionId="18b09c73-777c-4ab3-b867-2a15f7a5f1df" testId="465dfa2c-29f8-b83b-000c-6c89ed7aa4d2" testName="InsertarPreguntas" computerName="PILOTOPC" duration="00:00:00.1855489" startTime="2012-04-25T08:33:44.7015225+02:00" endTime="2012-04-25T08:33:44.9046475+02:00" testType="13cdc9d9-ddb5-4fa4-a97d-d965ccfc6d4b" outcome="Passed" testListId="8c84fa94-04c1-424b-9868-57a2d4851a1d" relativeResultsDirectory="18b09c73-777c-4ab3-b867-2a15f7a5f1df">
    </UnitTestResult>
    <UnitTestResult executionId="dd5e6828-00b1-47f7-8d7f-825b695fa3d7" testId="4ed9acd2-84cf-12e4-2383-dcdff71ea3fb" testName="GetCurrentCategoriConDatosCorrectos" computerName="PILOTOPC" duration="00:00:24.3437500" startTime="2012-04-25T08:33:44.9202725+02:00" endTime="2012-04-25T08:34:09.2640225+02:00" testType="13cdc9d9-ddb5-4fa4-a97d-d965ccfc6d4b" outcome="Aborted" testListId="8c84fa94-04c1-424b-9868-57a2d4851a1d" relativeResultsDirectory="dd5e6828-00b1-47f7-8d7f-825b695fa3d7">
    </UnitTestResult>
    <UnitTestResult executionId="ce7d067d-a544-451f-bebd-6434be53857e" testId="543409ab-6127-a6b2-59e4-44ef80a01fd6" testName="CorrectTestWinTest" computerName="PILOTOPC" testType="13cdc9d9-ddb5-4fa4-a97d-d965ccfc6d4b" outcome="NotExecuted" testListId="8c84fa94-04c1-424b-9868-57a2d4851a1d" relativeResultsDirectory="ce7d067d-a544-451f-bebd-6434be53857e">
    </UnitTestResult>
    <UnitTestResult executionId="7961f376-689d-4217-9644-1984521f2841" testId="5b44dfd8-bf28-2baa-e0bb-e20f65070c98" testName="AddNewPlayerTest" computerName="PILOTOPC" testType="13cdc9d9-ddb5-4fa4-a97d-d965ccfc6d4b" outcome="NotExecuted" testListId="8c84fa94-04c1-424b-9868-57a2d4851a1d" relativeResultsDirectory="7961f376-689d-4217-9644-1984521f2841">
    </UnitTestResult>
    <UnitTestResult executionId="0e1ba466-3d54-48bc-a301-06095c07f33d" testId="808b568e-f6d5-f2c0-ce4d-f681edfa13ad" testName="MessagesTest" computerName="PILOTOPC" testType="13cdc9d9-ddb5-4fa4-a97d-d965ccfc6d4b" outcome="NotExecuted" testListId="8c84fa94-04c1-424b-9868-57a2d4851a1d" relativeResultsDirectory="0e1ba466-3d54-48bc-a301-06095c07f33d">
    </UnitTestResult>
    <UnitTestResult executionId="abb1ca55-b6f2-409f-8d4f-ff3692f03ecb" testId="a2c6dcd6-2d94-5b5c-b32d-f8bed4c25af3" testName="ObtenerCategoriasById" computerName="PILOTOPC" testType="13cdc9d9-ddb5-4fa4-a97d-d965ccfc6d4b" outcome="NotExecuted" testListId="8c84fa94-04c1-424b-9868-57a2d4851a1d" relativeResultsDirectory="abb1ca55-b6f2-409f-8d4f-ff3692f03ecb">
    </UnitTestResult>
    <UnitTestResult executionId="1ad48ba1-fef7-40db-9a98-3e57bb96565c" testId="b27817ac-06aa-fce7-f294-714971e19e0e" testName="GetCurrentCategoriConDatosInCorrectos" computerName="PILOTOPC" testType="13cdc9d9-ddb5-4fa4-a97d-d965ccfc6d4b" outcome="NotExecuted" testListId="8c84fa94-04c1-424b-9868-57a2d4851a1d" relativeResultsDirectory="1ad48ba1-fef7-40db-9a98-3e57bb96565c">
    </UnitTestResult>
  </Results>
</TestRun>