<?xml version="1.0" encoding="UTF-8"?>
<TestRun id="1de62281-63bf-48b6-9d38-0aeec812f33e" name="Administrator@PILOTOPC 2012-04-21 13:08:57" runUser="PILOTO\Administrator" xmlns="http://microsoft.com/schemas/VisualStudio/TeamTest/2010">
  <TestSettings name="Local" id="95c13cd8-e4ab-4186-869c-a68da72b0b86">
    <Description>These are default test settings for a local test run.</Description>
    <Deployment enabled="false" runDeploymentRoot="Administrator_PILOTOPC 2012-04-21 13_08_57">
      <DeploymentItem filename="C:\DEV\Trivia\1.0\C#\Trivia\Trivia\bin\Debug\Trivia.exe" />
    </Deployment>
    <Execution>
      <TestTypeSpecific />
      <AgentRule name="Execution Agents">
      </AgentRule>
    </Execution>
  </TestSettings>
  <Times creation="2012-04-21T13:08:57.8656250+02:00" queuing="2012-04-21T13:08:58.8187500+02:00" start="2012-04-21T13:08:58.9281250+02:00" finish="2012-04-21T13:08:59.4125000+02:00" />
  <ResultSummary outcome="Completed">
    <Counters total="1" executed="1" passed="1" error="0" failed="0" timeout="0" aborted="0" inconclusive="0" passedButRunAborted="0" notRunnable="0" notExecuted="0" disconnected="0" warning="0" completed="0" inProgress="0" pending="0" />
  </ResultSummary>
  <TestDefinitions>
    <UnitTest name="MessagesTest" storage="c:\dev\trivia\1.0\c#\trivia\triviatest\bin\debug\triviatest.dll" id="808b568e-f6d5-f2c0-ce4d-f681edfa13ad">
      <Execution id="0c14c673-c9b5-4628-b6d1-2cd8b1f5e334" />
      <TestMethod codeBase="C:/DEV/Trivia/1.0/C#/Trivia/TriviaTest/bin/Debug/TriviaTest.DLL" adapterTypeName="Microsoft.VisualStudio.TestTools.TestTypes.Unit.UnitTestAdapter, Microsoft.VisualStudio.QualityTools.Tips.UnitTest.Adapter, Version=10.0.0.0, Culture=neutral, PublicKeyToken=b03f5f7f11d50a3a" className="TriviaTest.TriviaTest, TriviaTest, Version=1.0.0.0, Culture=neutral, PublicKeyToken=null" name="MessagesTest" />
    </UnitTest>
  </TestDefinitions>
  <TestLists>
    <TestList name="Results Not in a List" id="8c84fa94-04c1-424b-9868-57a2d4851a1d" />
    <TestList name="All Loaded Results" id="19431567-8539-422a-85d7-44ee4e166bda" />
  </TestLists>
  <TestEntries>
    <TestEntry testId="808b568e-f6d5-f2c0-ce4d-f681edfa13ad" executionId="0c14c673-c9b5-4628-b6d1-2cd8b1f5e334" testListId="8c84fa94-04c1-424b-9868-57a2d4851a1d" />
  </TestEntries>
  <Results>
    <UnitTestResult executionId="0c14c673-c9b5-4628-b6d1-2cd8b1f5e334" testId="808b568e-f6d5-f2c0-ce4d-f681edfa13ad" testName="MessagesTest" computerName="PILOTOPC" duration="00:00:00.0149083" startTime="2012-04-21T13:08:58.9593750+02:00" endTime="2012-04-21T13:08:59.3656250+02:00" testType="13cdc9d9-ddb5-4fa4-a97d-d965ccfc6d4b" outcome="Passed" testListId="8c84fa94-04c1-424b-9868-57a2d4851a1d" relativeResultsDirectory="0c14c673-c9b5-4628-b6d1-2cd8b1f5e334">
    </UnitTestResult>
  </Results>
</TestRun>