<?xml version="1.0" encoding="UTF-8"?>
<TestRun id="d2dd5a86-c509-4c5e-bdc2-ec98a0dc3f1e" name="Administrator@PILOTOPC 2012-04-25 07:47:49" runUser="PILOTO\Administrator" xmlns="http://microsoft.com/schemas/VisualStudio/TeamTest/2010">
  <TestSettings name="Local" id="95c13cd8-e4ab-4186-869c-a68da72b0b86">
    <Description>These are default test settings for a local test run.</Description>
    <Deployment enabled="false" runDeploymentRoot="Administrator_PILOTOPC 2012-04-25 07_47_49">
      <DeploymentItem filename="C:\DEV\Trivia\Moq.4.0.10827\NET40\Moq.dll" />
      <DeploymentItem filename="C:\DEV\Trivia\1.0\C#\Trivia\Trivia\bin\Debug\Trivia.exe" />
    </Deployment>
    <Execution>
      <TestTypeSpecific />
      <AgentRule name="Execution Agents">
      </AgentRule>
    </Execution>
  </TestSettings>
  <Times creation="2012-04-25T07:47:49.3675195+02:00" queuing="2012-04-25T07:47:55.4768945+02:00" start="2012-04-25T07:47:55.8206445+02:00" finish="2012-04-25T07:48:02.8518945+02:00" />
  <ResultSummary outcome="Failed">
    <Counters total="5" executed="5" passed="3" error="0" failed="2" timeout="0" aborted="0" inconclusive="0" passedButRunAborted="0" notRunnable="0" notExecuted="0" disconnected="0" warning="0" completed="0" inProgress="0" pending="0" />
  </ResultSummary>
  <TestDefinitions>
    <UnitTest name="AddNewPlayerTest" storage="c:\dev\trivia\1.0\c#\trivia\triviatest\bin\debug\triviatest.dll" id="5b44dfd8-bf28-2baa-e0bb-e20f65070c98">
      <Execution id="a109df61-a7c2-4275-966f-e5f24a9b8e18" />
      <TestMethod codeBase="C:/DEV/Trivia/1.0/C#/Trivia/TriviaTest/bin/Debug/TriviaTest.DLL" adapterTypeName="Microsoft.VisualStudio.TestTools.TestTypes.Unit.UnitTestAdapter, Microsoft.VisualStudio.QualityTools.Tips.UnitTest.Adapter, Version=10.0.0.0, Culture=neutral, PublicKeyToken=b03f5f7f11d50a3a" className="TriviaTest.TriviaTest, TriviaTest, Version=1.0.0.0, Culture=neutral, PublicKeyToken=null" name="AddNewPlayerTest" />
    </UnitTest>
    <UnitTest name="InsertarPreguntas" storage="c:\dev\trivia\1.0\c#\trivia\triviatest\bin\debug\triviatest.dll" id="465dfa2c-29f8-b83b-000c-6c89ed7aa4d2">
      <Execution id="6972957b-328a-44b7-83a8-709be8c897c8" />
      <TestMethod codeBase="C:/DEV/Trivia/1.0/C#/Trivia/TriviaTest/bin/Debug/TriviaTest.DLL" adapterTypeName="Microsoft.VisualStudio.TestTools.TestTypes.Unit.UnitTestAdapter, Microsoft.VisualStudio.QualityTools.Tips.UnitTest.Adapter, Version=10.0.0.0, Culture=neutral, PublicKeyToken=b03f5f7f11d50a3a" className="TriviaTest.TriviaTest, TriviaTest, Version=1.0.0.0, Culture=neutral, PublicKeyToken=null" name="InsertarPreguntas" />
    </UnitTest>
    <UnitTest name="RandomTest" storage="c:\dev\trivia\1.0\c#\trivia\triviatest\bin\debug\triviatest.dll" id="0a7da336-2f01-076a-c365-c01c924cb829">
      <Execution id="6a24a9e3-761d-48bc-b56d-06a52d4553f3" />
      <TestMethod codeBase="C:/DEV/Trivia/1.0/C#/Trivia/TriviaTest/bin/Debug/TriviaTest.DLL" adapterTypeName="Microsoft.VisualStudio.TestTools.TestTypes.Unit.UnitTestAdapter, Microsoft.VisualStudio.QualityTools.Tips.UnitTest.Adapter, Version=10.0.0.0, Culture=neutral, PublicKeyToken=b03f5f7f11d50a3a" className="TriviaTest.TriviaTest, TriviaTest, Version=1.0.0.0, Culture=neutral, PublicKeyToken=null" name="RandomTest" />
    </UnitTest>
    <UnitTest name="CorrectTestWinTest" storage="c:\dev\trivia\1.0\c#\trivia\triviatest\bin\debug\triviatest.dll" id="543409ab-6127-a6b2-59e4-44ef80a01fd6">
      <Execution id="bf8eb891-789a-43bb-b9ed-8fdd9da00901" />
      <TestMethod codeBase="C:/DEV/Trivia/1.0/C#/Trivia/TriviaTest/bin/Debug/TriviaTest.DLL" adapterTypeName="Microsoft.VisualStudio.TestTools.TestTypes.Unit.UnitTestAdapter, Microsoft.VisualStudio.QualityTools.Tips.UnitTest.Adapter, Version=10.0.0.0, Culture=neutral, PublicKeyToken=b03f5f7f11d50a3a" className="TriviaTest.TriviaTest, TriviaTest, Version=1.0.0.0, Culture=neutral, PublicKeyToken=null" name="CorrectTestWinTest" />
    </UnitTest>
    <UnitTest name="MessagesTest" storage="c:\dev\trivia\1.0\c#\trivia\triviatest\bin\debug\triviatest.dll" id="808b568e-f6d5-f2c0-ce4d-f681edfa13ad">
      <Execution id="da6f3382-a19c-460c-89d7-cdc8c9163980" />
      <TestMethod codeBase="C:/DEV/Trivia/1.0/C#/Trivia/TriviaTest/bin/Debug/TriviaTest.DLL" adapterTypeName="Microsoft.VisualStudio.TestTools.TestTypes.Unit.UnitTestAdapter, Microsoft.VisualStudio.QualityTools.Tips.UnitTest.Adapter, Version=10.0.0.0, Culture=neutral, PublicKeyToken=b03f5f7f11d50a3a" className="TriviaTest.TriviaTest, TriviaTest, Version=1.0.0.0, Culture=neutral, PublicKeyToken=null" name="MessagesTest" />
    </UnitTest>
  </TestDefinitions>
  <TestLists>
    <TestList name="Results Not in a List" id="8c84fa94-04c1-424b-9868-57a2d4851a1d" />
    <TestList name="All Loaded Results" id="19431567-8539-422a-85d7-44ee4e166bda" />
  </TestLists>
  <TestEntries>
    <TestEntry testId="0a7da336-2f01-076a-c365-c01c924cb829" executionId="6a24a9e3-761d-48bc-b56d-06a52d4553f3" testListId="8c84fa94-04c1-424b-9868-57a2d4851a1d" />
    <TestEntry testId="465dfa2c-29f8-b83b-000c-6c89ed7aa4d2" executionId="6972957b-328a-44b7-83a8-709be8c897c8" testListId="8c84fa94-04c1-424b-9868-57a2d4851a1d" />
    <TestEntry testId="543409ab-6127-a6b2-59e4-44ef80a01fd6" executionId="bf8eb891-789a-43bb-b9ed-8fdd9da00901" testListId="8c84fa94-04c1-424b-9868-57a2d4851a1d" />
    <TestEntry testId="5b44dfd8-bf28-2baa-e0bb-e20f65070c98" executionId="a109df61-a7c2-4275-966f-e5f24a9b8e18" testListId="8c84fa94-04c1-424b-9868-57a2d4851a1d" />
    <TestEntry testId="808b568e-f6d5-f2c0-ce4d-f681edfa13ad" executionId="da6f3382-a19c-460c-89d7-cdc8c9163980" testListId="8c84fa94-04c1-424b-9868-57a2d4851a1d" />
  </TestEntries>
  <Results>
    <UnitTestResult executionId="6a24a9e3-761d-48bc-b56d-06a52d4553f3" testId="0a7da336-2f01-076a-c365-c01c924cb829" testName="RandomTest" computerName="PILOTOPC" duration="00:00:00.0292290" startTime="2012-04-25T07:47:56.0550195+02:00" endTime="2012-04-25T07:47:56.9300195+02:00" testType="13cdc9d9-ddb5-4fa4-a97d-d965ccfc6d4b" outcome="Passed" testListId="8c84fa94-04c1-424b-9868-57a2d4851a1d" relativeResultsDirectory="6a24a9e3-761d-48bc-b56d-06a52d4553f3">
    </UnitTestResult>
    <UnitTestResult executionId="6972957b-328a-44b7-83a8-709be8c897c8" testId="465dfa2c-29f8-b83b-000c-6c89ed7aa4d2" testName="InsertarPreguntas" computerName="PILOTOPC" duration="00:00:03.4186739" startTime="2012-04-25T07:47:56.9300195+02:00" endTime="2012-04-25T07:48:00.3675195+02:00" testType="13cdc9d9-ddb5-4fa4-a97d-d965ccfc6d4b" outcome="Passed" testListId="8c84fa94-04c1-424b-9868-57a2d4851a1d" relativeResultsDirectory="6972957b-328a-44b7-83a8-709be8c897c8">
    </UnitTestResult>
    <UnitTestResult executionId="bf8eb891-789a-43bb-b9ed-8fdd9da00901" testId="543409ab-6127-a6b2-59e4-44ef80a01fd6" testName="CorrectTestWinTest" computerName="PILOTOPC" duration="00:00:00.6808958" startTime="2012-04-25T07:48:00.3675195+02:00" endTime="2012-04-25T07:48:01.0862695+02:00" testType="13cdc9d9-ddb5-4fa4-a97d-d965ccfc6d4b" outcome="Failed" testListId="8c84fa94-04c1-424b-9868-57a2d4851a1d" relativeResultsDirectory="bf8eb891-789a-43bb-b9ed-8fdd9da00901">
      <Output>
        <ErrorInfo>
          <Message>Test method TriviaTest.TriviaTest.CorrectTestWinTest threw exception: 
System.InvalidOperationException: Sequence contains no elements</Message>
          <StackTrace>    at System.Linq.Enumerable.First[TSource](IEnumerable`1 source)
   at UglyTrivia.Game.askQuestion() in C:\DEV\Trivia\1.0\C#\Trivia\Trivia\Game.cs:line 121
   at UglyTrivia.Game.roll(Int32 roll) in C:\DEV\Trivia\1.0\C#\Trivia\Trivia\Game.cs:line 102
   at Trivia.GameRunner.Run(Game game) in C:\DEV\Trivia\1.0\C#\Trivia\Trivia\GameRunner.cs:line 29
   at TriviaTest.TriviaTest.CorrectTestWinTest() in C:\DEV\Trivia\1.0\C#\Trivia\TriviaTest\TriviaTest.cs:line 82
</StackTrace>
        </ErrorInfo>
      </Output>
    </UnitTestResult>
    <UnitTestResult executionId="a109df61-a7c2-4275-966f-e5f24a9b8e18" testId="5b44dfd8-bf28-2baa-e0bb-e20f65070c98" testName="AddNewPlayerTest" computerName="PILOTOPC" duration="00:00:00.0019437" startTime="2012-04-25T07:48:01.1018945+02:00" endTime="2012-04-25T07:48:01.1018945+02:00" testType="13cdc9d9-ddb5-4fa4-a97d-d965ccfc6d4b" outcome="Failed" testListId="8c84fa94-04c1-424b-9868-57a2d4851a1d" relativeResultsDirectory="a109df61-a7c2-4275-966f-e5f24a9b8e18">
      <Output>
        <ErrorInfo>
          <Message>Test method TriviaTest.TriviaTest.AddNewPlayerTest threw exception: 
System.InvalidOperationException: Sequence contains no elements</Message>
          <StackTrace>    at System.Linq.Enumerable.First[TSource](IEnumerable`1 source)
   at UglyTrivia.Game.askQuestion() in C:\DEV\Trivia\1.0\C#\Trivia\Trivia\Game.cs:line 111
   at UglyTrivia.Game.roll(Int32 roll) in C:\DEV\Trivia\1.0\C#\Trivia\Trivia\Game.cs:line 102
   at Trivia.GameRunner.Run(Game game) in C:\DEV\Trivia\1.0\C#\Trivia\Trivia\GameRunner.cs:line 29
   at TriviaTest.TriviaTest.AddNewPlayerTest() in C:\DEV\Trivia\1.0\C#\Trivia\TriviaTest\TriviaTest.cs:line 58
</StackTrace>
        </ErrorInfo>
      </Output>
    </UnitTestResult>
    <UnitTestResult executionId="da6f3382-a19c-460c-89d7-cdc8c9163980" testId="808b568e-f6d5-f2c0-ce4d-f681edfa13ad" testName="MessagesTest" computerName="PILOTOPC" duration="00:00:00.0012112" startTime="2012-04-25T07:48:01.1175195+02:00" endTime="2012-04-25T07:48:01.1175195+02:00" testType="13cdc9d9-ddb5-4fa4-a97d-d965ccfc6d4b" outcome="Passed" testListId="8c84fa94-04c1-424b-9868-57a2d4851a1d" relativeResultsDirectory="da6f3382-a19c-460c-89d7-cdc8c9163980">
    </UnitTestResult>
  </Results>
</TestRun>