<?xml version="1.0" encoding="UTF-8"?>
<TestRun id="4bbd84f0-d20c-42d6-b3fd-763640a2a09e" name="Administrator@PILOTOPC 2012-04-25 08:33:20" runUser="PILOTO\Administrator" xmlns="http://microsoft.com/schemas/VisualStudio/TeamTest/2010">
  <TestSettings name="Local" id="95c13cd8-e4ab-4186-869c-a68da72b0b86">
    <Description>These are default test settings for a local test run.</Description>
    <Deployment enabled="false" runDeploymentRoot="Administrator_PILOTOPC 2012-04-25 08_33_20">
      <DeploymentItem filename="C:\DEV\Trivia\Moq.4.0.10827\NET40\Moq.dll" />
      <DeploymentItem filename="C:\DEV\Trivia\1.0\C#\Trivia\Trivia\bin\Debug\Trivia.exe" />
    </Deployment>
    <Execution>
      <TestTypeSpecific />
      <AgentRule name="Execution Agents">
      </AgentRule>
    </Execution>
  </TestSettings>
  <Times creation="2012-04-25T08:33:20.9983975+02:00" queuing="2012-04-25T08:33:21.1233975+02:00" start="2012-04-25T08:33:21.1546475+02:00" finish="2012-04-25T08:33:22.3421475+02:00" />
  <ResultSummary outcome="Failed">
    <Counters total="9" executed="9" passed="5" error="0" failed="4" timeout="0" aborted="0" inconclusive="0" passedButRunAborted="0" notRunnable="0" notExecuted="0" disconnected="0" warning="0" completed="0" inProgress="0" pending="0" />
  </ResultSummary>
  <TestDefinitions>
    <UnitTest name="AddNewPlayerTest" storage="c:\dev\trivia\1.0\c#\trivia\triviatest\bin\debug\triviatest.dll" id="5b44dfd8-bf28-2baa-e0bb-e20f65070c98">
      <Execution id="b16ef80f-3c85-448c-bb57-932bdbfaae04" />
      <TestMethod codeBase="C:/DEV/Trivia/1.0/C#/Trivia/TriviaTest/bin/Debug/TriviaTest.DLL" adapterTypeName="Microsoft.VisualStudio.TestTools.TestTypes.Unit.UnitTestAdapter, Microsoft.VisualStudio.QualityTools.Tips.UnitTest.Adapter, Version=10.0.0.0, Culture=neutral, PublicKeyToken=b03f5f7f11d50a3a" className="TriviaTest.TriviaTest, TriviaTest, Version=1.0.0.0, Culture=neutral, PublicKeyToken=null" name="AddNewPlayerTest" />
    </UnitTest>
    <UnitTest name="GetCurrentCategoriConDatosCorrectos" storage="c:\dev\trivia\1.0\c#\trivia\triviatest\bin\debug\triviatest.dll" id="4ed9acd2-84cf-12e4-2383-dcdff71ea3fb">
      <Execution id="7685a359-fe71-465a-9e98-978b7e350ca2" />
      <TestMethod codeBase="C:/DEV/Trivia/1.0/C#/Trivia/TriviaTest/bin/Debug/TriviaTest.DLL" adapterTypeName="Microsoft.VisualStudio.TestTools.TestTypes.Unit.UnitTestAdapter, Microsoft.VisualStudio.QualityTools.Tips.UnitTest.Adapter, Version=10.0.0.0, Culture=neutral, PublicKeyToken=b03f5f7f11d50a3a" className="TriviaTest.TriviaTest, TriviaTest, Version=1.0.0.0, Culture=neutral, PublicKeyToken=null" name="GetCurrentCategoriConDatosCorrectos" />
    </UnitTest>
    <UnitTest name="RandomTest" storage="c:\dev\trivia\1.0\c#\trivia\triviatest\bin\debug\triviatest.dll" id="0a7da336-2f01-076a-c365-c01c924cb829">
      <Execution id="b207693b-ba71-4436-8c4e-28d2a6e780f4" />
      <TestMethod codeBase="C:/DEV/Trivia/1.0/C#/Trivia/TriviaTest/bin/Debug/TriviaTest.DLL" adapterTypeName="Microsoft.VisualStudio.TestTools.TestTypes.Unit.UnitTestAdapter, Microsoft.VisualStudio.QualityTools.Tips.UnitTest.Adapter, Version=10.0.0.0, Culture=neutral, PublicKeyToken=b03f5f7f11d50a3a" className="TriviaTest.TriviaTest, TriviaTest, Version=1.0.0.0, Culture=neutral, PublicKeyToken=null" name="RandomTest" />
    </UnitTest>
    <UnitTest name="ObtenerCategoriasById" storage="c:\dev\trivia\1.0\c#\trivia\triviatest\bin\debug\triviatest.dll" id="a2c6dcd6-2d94-5b5c-b32d-f8bed4c25af3">
      <Execution id="7872c3aa-7dec-4303-a4e1-9e4cce8c8c9f" />
      <TestMethod codeBase="C:/DEV/Trivia/1.0/C#/Trivia/TriviaTest/bin/Debug/TriviaTest.DLL" adapterTypeName="Microsoft.VisualStudio.TestTools.TestTypes.Unit.UnitTestAdapter, Microsoft.VisualStudio.QualityTools.Tips.UnitTest.Adapter, Version=10.0.0.0, Culture=neutral, PublicKeyToken=b03f5f7f11d50a3a" className="TriviaTest.TriviaTest, TriviaTest, Version=1.0.0.0, Culture=neutral, PublicKeyToken=null" name="ObtenerCategoriasById" />
    </UnitTest>
    <UnitTest name="MessagesTest" storage="c:\dev\trivia\1.0\c#\trivia\triviatest\bin\debug\triviatest.dll" id="808b568e-f6d5-f2c0-ce4d-f681edfa13ad">
      <Execution id="5af49b46-99cb-430f-bd44-378a52f7b213" />
      <TestMethod codeBase="C:/DEV/Trivia/1.0/C#/Trivia/TriviaTest/bin/Debug/TriviaTest.DLL" adapterTypeName="Microsoft.VisualStudio.TestTools.TestTypes.Unit.UnitTestAdapter, Microsoft.VisualStudio.QualityTools.Tips.UnitTest.Adapter, Version=10.0.0.0, Culture=neutral, PublicKeyToken=b03f5f7f11d50a3a" className="TriviaTest.TriviaTest, TriviaTest, Version=1.0.0.0, Culture=neutral, PublicKeyToken=null" name="MessagesTest" />
    </UnitTest>
    <UnitTest name="InsertarPreguntas" storage="c:\dev\trivia\1.0\c#\trivia\triviatest\bin\debug\triviatest.dll" id="465dfa2c-29f8-b83b-000c-6c89ed7aa4d2">
      <Execution id="543ef02c-8d17-4775-98d6-79440f82d425" />
      <TestMethod codeBase="C:/DEV/Trivia/1.0/C#/Trivia/TriviaTest/bin/Debug/TriviaTest.DLL" adapterTypeName="Microsoft.VisualStudio.TestTools.TestTypes.Unit.UnitTestAdapter, Microsoft.VisualStudio.QualityTools.Tips.UnitTest.Adapter, Version=10.0.0.0, Culture=neutral, PublicKeyToken=b03f5f7f11d50a3a" className="TriviaTest.TriviaTest, TriviaTest, Version=1.0.0.0, Culture=neutral, PublicKeyToken=null" name="InsertarPreguntas" />
    </UnitTest>
    <UnitTest name="GetCurrentCategoriConDatosInCorrectos" storage="c:\dev\trivia\1.0\c#\trivia\triviatest\bin\debug\triviatest.dll" id="b27817ac-06aa-fce7-f294-714971e19e0e">
      <Execution id="f1c7c2c9-34c7-4a16-b797-8928da5c0bef" />
      <TestMethod codeBase="C:/DEV/Trivia/1.0/C#/Trivia/TriviaTest/bin/Debug/TriviaTest.DLL" adapterTypeName="Microsoft.VisualStudio.TestTools.TestTypes.Unit.UnitTestAdapter, Microsoft.VisualStudio.QualityTools.Tips.UnitTest.Adapter, Version=10.0.0.0, Culture=neutral, PublicKeyToken=b03f5f7f11d50a3a" className="TriviaTest.TriviaTest, TriviaTest, Version=1.0.0.0, Culture=neutral, PublicKeyToken=null" name="GetCurrentCategoriConDatosInCorrectos" />
    </UnitTest>
    <UnitTest name="CorrectTestWinTest" storage="c:\dev\trivia\1.0\c#\trivia\triviatest\bin\debug\triviatest.dll" id="543409ab-6127-a6b2-59e4-44ef80a01fd6">
      <Execution id="3280eda8-7de2-4783-8694-75733736f74f" />
      <TestMethod codeBase="C:/DEV/Trivia/1.0/C#/Trivia/TriviaTest/bin/Debug/TriviaTest.DLL" adapterTypeName="Microsoft.VisualStudio.TestTools.TestTypes.Unit.UnitTestAdapter, Microsoft.VisualStudio.QualityTools.Tips.UnitTest.Adapter, Version=10.0.0.0, Culture=neutral, PublicKeyToken=b03f5f7f11d50a3a" className="TriviaTest.TriviaTest, TriviaTest, Version=1.0.0.0, Culture=neutral, PublicKeyToken=null" name="CorrectTestWinTest" />
    </UnitTest>
    <UnitTest name="ObtenerTodasLasCategorias" storage="c:\dev\trivia\1.0\c#\trivia\triviatest\bin\debug\triviatest.dll" id="22a0c970-5e9b-5347-7e11-139dcb81d124">
      <Execution id="35bf9352-a97f-4d29-a6ad-a1df8935b008" />
      <TestMethod codeBase="C:/DEV/Trivia/1.0/C#/Trivia/TriviaTest/bin/Debug/TriviaTest.DLL" adapterTypeName="Microsoft.VisualStudio.TestTools.TestTypes.Unit.UnitTestAdapter, Microsoft.VisualStudio.QualityTools.Tips.UnitTest.Adapter, Version=10.0.0.0, Culture=neutral, PublicKeyToken=b03f5f7f11d50a3a" className="TriviaTest.TriviaTest, TriviaTest, Version=1.0.0.0, Culture=neutral, PublicKeyToken=null" name="ObtenerTodasLasCategorias" />
    </UnitTest>
  </TestDefinitions>
  <TestLists>
    <TestList name="Results Not in a List" id="8c84fa94-04c1-424b-9868-57a2d4851a1d" />
    <TestList name="All Loaded Results" id="19431567-8539-422a-85d7-44ee4e166bda" />
  </TestLists>
  <TestEntries>
    <TestEntry testId="0a7da336-2f01-076a-c365-c01c924cb829" executionId="b207693b-ba71-4436-8c4e-28d2a6e780f4" testListId="8c84fa94-04c1-424b-9868-57a2d4851a1d" />
    <TestEntry testId="22a0c970-5e9b-5347-7e11-139dcb81d124" executionId="35bf9352-a97f-4d29-a6ad-a1df8935b008" testListId="8c84fa94-04c1-424b-9868-57a2d4851a1d" />
    <TestEntry testId="465dfa2c-29f8-b83b-000c-6c89ed7aa4d2" executionId="543ef02c-8d17-4775-98d6-79440f82d425" testListId="8c84fa94-04c1-424b-9868-57a2d4851a1d" />
    <TestEntry testId="4ed9acd2-84cf-12e4-2383-dcdff71ea3fb" executionId="7685a359-fe71-465a-9e98-978b7e350ca2" testListId="8c84fa94-04c1-424b-9868-57a2d4851a1d" />
    <TestEntry testId="543409ab-6127-a6b2-59e4-44ef80a01fd6" executionId="3280eda8-7de2-4783-8694-75733736f74f" testListId="8c84fa94-04c1-424b-9868-57a2d4851a1d" />
    <TestEntry testId="5b44dfd8-bf28-2baa-e0bb-e20f65070c98" executionId="b16ef80f-3c85-448c-bb57-932bdbfaae04" testListId="8c84fa94-04c1-424b-9868-57a2d4851a1d" />
    <TestEntry testId="808b568e-f6d5-f2c0-ce4d-f681edfa13ad" executionId="5af49b46-99cb-430f-bd44-378a52f7b213" testListId="8c84fa94-04c1-424b-9868-57a2d4851a1d" />
    <TestEntry testId="a2c6dcd6-2d94-5b5c-b32d-f8bed4c25af3" executionId="7872c3aa-7dec-4303-a4e1-9e4cce8c8c9f" testListId="8c84fa94-04c1-424b-9868-57a2d4851a1d" />
    <TestEntry testId="b27817ac-06aa-fce7-f294-714971e19e0e" executionId="f1c7c2c9-34c7-4a16-b797-8928da5c0bef" testListId="8c84fa94-04c1-424b-9868-57a2d4851a1d" />
  </TestEntries>
  <Results>
    <UnitTestResult executionId="b207693b-ba71-4436-8c4e-28d2a6e780f4" testId="0a7da336-2f01-076a-c365-c01c924cb829" testName="RandomTest" computerName="PILOTOPC" duration="00:00:00.0172436" startTime="2012-04-25T08:33:21.1702725+02:00" endTime="2012-04-25T08:33:21.3890225+02:00" testType="13cdc9d9-ddb5-4fa4-a97d-d965ccfc6d4b" outcome="Passed" testListId="8c84fa94-04c1-424b-9868-57a2d4851a1d" relativeResultsDirectory="b207693b-ba71-4436-8c4e-28d2a6e780f4">
    </UnitTestResult>
    <UnitTestResult executionId="35bf9352-a97f-4d29-a6ad-a1df8935b008" testId="22a0c970-5e9b-5347-7e11-139dcb81d124" testName="ObtenerTodasLasCategorias" computerName="PILOTOPC" duration="00:00:00.2446136" startTime="2012-04-25T08:33:21.4046475+02:00" endTime="2012-04-25T08:33:21.6702725+02:00" testType="13cdc9d9-ddb5-4fa4-a97d-d965ccfc6d4b" outcome="Passed" testListId="8c84fa94-04c1-424b-9868-57a2d4851a1d" relativeResultsDirectory="35bf9352-a97f-4d29-a6ad-a1df8935b008">
    </UnitTestResult>
    <UnitTestResult executionId="543ef02c-8d17-4775-98d6-79440f82d425" testId="465dfa2c-29f8-b83b-000c-6c89ed7aa4d2" testName="InsertarPreguntas" computerName="PILOTOPC" duration="00:00:00.1686950" startTime="2012-04-25T08:33:21.6702725+02:00" endTime="2012-04-25T08:33:21.8577725+02:00" testType="13cdc9d9-ddb5-4fa4-a97d-d965ccfc6d4b" outcome="Passed" testListId="8c84fa94-04c1-424b-9868-57a2d4851a1d" relativeResultsDirectory="543ef02c-8d17-4775-98d6-79440f82d425">
    </UnitTestResult>
    <UnitTestResult executionId="7685a359-fe71-465a-9e98-978b7e350ca2" testId="4ed9acd2-84cf-12e4-2383-dcdff71ea3fb" testName="GetCurrentCategoriConDatosCorrectos" computerName="PILOTOPC" duration="00:00:00.0239814" startTime="2012-04-25T08:33:21.8577725+02:00" endTime="2012-04-25T08:33:21.9046475+02:00" testType="13cdc9d9-ddb5-4fa4-a97d-d965ccfc6d4b" outcome="Failed" testListId="8c84fa94-04c1-424b-9868-57a2d4851a1d" relativeResultsDirectory="7685a359-fe71-465a-9e98-978b7e350ca2">
      <Output>
        <ErrorInfo>
          <Message>Test method TriviaTest.TriviaTest.GetCurrentCategoriConDatosCorrectos threw exception: 
System.NullReferenceException: Object reference not set to an instance of an object.</Message>
          <StackTrace>    at UglyTrivia.Game.GetCurrentCategory(Int32 categoryId) in C:\DEV\Trivia\1.0\C#\Trivia\Trivia\Clases\Game.cs:line 149
   at TriviaTest.TriviaTest.GetCurrentCategoriConDatosCorrectos() in C:\DEV\Trivia\1.0\C#\Trivia\TriviaTest\TriviaTest.cs:line 166
</StackTrace>
        </ErrorInfo>
      </Output>
    </UnitTestResult>
    <UnitTestResult executionId="3280eda8-7de2-4783-8694-75733736f74f" testId="543409ab-6127-a6b2-59e4-44ef80a01fd6" testName="CorrectTestWinTest" computerName="PILOTOPC" duration="00:00:00.1620881" startTime="2012-04-25T08:33:21.9046475+02:00" endTime="2012-04-25T08:33:22.0765225+02:00" testType="13cdc9d9-ddb5-4fa4-a97d-d965ccfc6d4b" outcome="Failed" testListId="8c84fa94-04c1-424b-9868-57a2d4851a1d" relativeResultsDirectory="3280eda8-7de2-4783-8694-75733736f74f">
      <Output>
        <ErrorInfo>
          <Message>Test method TriviaTest.TriviaTest.CorrectTestWinTest threw exception: 
System.NullReferenceException: Object reference not set to an instance of an object.</Message>
          <StackTrace>    at UglyTrivia.Game.GetCurrentCategory(Int32 categoryId) in C:\DEV\Trivia\1.0\C#\Trivia\Trivia\Clases\Game.cs:line 149
   at UglyTrivia.Game.roll(Int32 roll) in C:\DEV\Trivia\1.0\C#\Trivia\Trivia\Clases\Game.cs:line 114
   at Trivia.GameRunner.Run(Game game) in C:\DEV\Trivia\1.0\C#\Trivia\Trivia\Controladores\GameRunner.cs:line 28
   at TriviaTest.TriviaTest.CorrectTestWinTest() in C:\DEV\Trivia\1.0\C#\Trivia\TriviaTest\TriviaTest.cs:line 88
</StackTrace>
        </ErrorInfo>
      </Output>
    </UnitTestResult>
    <UnitTestResult executionId="b16ef80f-3c85-448c-bb57-932bdbfaae04" testId="5b44dfd8-bf28-2baa-e0bb-e20f65070c98" testName="AddNewPlayerTest" computerName="PILOTOPC" duration="00:00:00.0018727" startTime="2012-04-25T08:33:22.0765225+02:00" endTime="2012-04-25T08:33:22.0921475+02:00" testType="13cdc9d9-ddb5-4fa4-a97d-d965ccfc6d4b" outcome="Failed" testListId="8c84fa94-04c1-424b-9868-57a2d4851a1d" relativeResultsDirectory="b16ef80f-3c85-448c-bb57-932bdbfaae04">
      <Output>
        <ErrorInfo>
          <Message>Test method TriviaTest.TriviaTest.AddNewPlayerTest threw exception: 
System.NullReferenceException: Object reference not set to an instance of an object.</Message>
          <StackTrace>    at UglyTrivia.Game.GetCurrentCategory(Int32 categoryId) in C:\DEV\Trivia\1.0\C#\Trivia\Trivia\Clases\Game.cs:line 149
   at UglyTrivia.Game.roll(Int32 roll) in C:\DEV\Trivia\1.0\C#\Trivia\Trivia\Clases\Game.cs:line 114
   at Trivia.GameRunner.Run(Game game) in C:\DEV\Trivia\1.0\C#\Trivia\Trivia\Controladores\GameRunner.cs:line 28
   at TriviaTest.TriviaTest.AddNewPlayerTest() in C:\DEV\Trivia\1.0\C#\Trivia\TriviaTest\TriviaTest.cs:line 64
</StackTrace>
        </ErrorInfo>
      </Output>
    </UnitTestResult>
    <UnitTestResult executionId="5af49b46-99cb-430f-bd44-378a52f7b213" testId="808b568e-f6d5-f2c0-ce4d-f681edfa13ad" testName="MessagesTest" computerName="PILOTOPC" duration="00:00:00.0007170" startTime="2012-04-25T08:33:22.0921475+02:00" endTime="2012-04-25T08:33:22.1077725+02:00" testType="13cdc9d9-ddb5-4fa4-a97d-d965ccfc6d4b" outcome="Passed" testListId="8c84fa94-04c1-424b-9868-57a2d4851a1d" relativeResultsDirectory="5af49b46-99cb-430f-bd44-378a52f7b213">
    </UnitTestResult>
    <UnitTestResult executionId="7872c3aa-7dec-4303-a4e1-9e4cce8c8c9f" testId="a2c6dcd6-2d94-5b5c-b32d-f8bed4c25af3" testName="ObtenerCategoriasById" computerName="PILOTOPC" duration="00:00:00.0124521" startTime="2012-04-25T08:33:22.1077725+02:00" endTime="2012-04-25T08:33:22.1233975+02:00" testType="13cdc9d9-ddb5-4fa4-a97d-d965ccfc6d4b" outcome="Passed" testListId="8c84fa94-04c1-424b-9868-57a2d4851a1d" relativeResultsDirectory="7872c3aa-7dec-4303-a4e1-9e4cce8c8c9f">
    </UnitTestResult>
    <UnitTestResult executionId="f1c7c2c9-34c7-4a16-b797-8928da5c0bef" testId="b27817ac-06aa-fce7-f294-714971e19e0e" testName="GetCurrentCategoriConDatosInCorrectos" computerName="PILOTOPC" duration="00:00:00.0030745" startTime="2012-04-25T08:33:22.1390225+02:00" endTime="2012-04-25T08:33:22.1546475+02:00" testType="13cdc9d9-ddb5-4fa4-a97d-d965ccfc6d4b" outcome="Failed" testListId="8c84fa94-04c1-424b-9868-57a2d4851a1d" relativeResultsDirectory="f1c7c2c9-34c7-4a16-b797-8928da5c0bef">
      <Output>
        <ErrorInfo>
          <Message>Test method TriviaTest.TriviaTest.GetCurrentCategoriConDatosInCorrectos threw exception: 
System.NullReferenceException: Object reference not set to an instance of an object.</Message>
          <StackTrace>    at UglyTrivia.Game.GetCurrentCategory(Int32 categoryId) in C:\DEV\Trivia\1.0\C#\Trivia\Trivia\Clases\Game.cs:line 149
   at TriviaTest.TriviaTest.GetCurrentCategoriConDatosInCorrectos() in C:\DEV\Trivia\1.0\C#\Trivia\TriviaTest\TriviaTest.cs:line 176
</StackTrace>
        </ErrorInfo>
      </Output>
    </UnitTestResult>
  </Results>
</TestRun>